2021-01-22 16:38:09.299 - INFO - 9884 - azureml.train.automl._azureautomlclient.modify_run_configuration:199 - Package azureml-train-automl missing from dependencies file.
2021-01-22 16:38:09.299 - INFO - 9884 - azureml.train.automl._azureautomlclient.modify_run_configuration:205 - Using pinned version: azureml-train-automl==1.19.0.*
2021-01-22 16:38:09.299 - INFO - 9884 - azureml.train.automl._azureautomlclient.modify_run_configuration:199 - Package pandas missing from dependencies file.
2021-01-22 16:38:09.300 - INFO - 9884 - azureml.train.automl._azureautomlclient.modify_run_configuration:205 - Using pinned version: pandas==0.25.1
2021-01-22 16:38:09.300 - INFO - 9884 - azureml.train.automl._azureautomlclient.modify_run_configuration:199 - Package psutil missing from dependencies file.
2021-01-22 16:38:09.300 - INFO - 9884 - azureml.train.automl._azureautomlclient.modify_run_configuration:205 - Using pinned version: psutil>5.0.0,<6.0.0
2021-01-22 16:38:09.300 - INFO - 9884 - azureml.train.automl._azureautomlclient.modify_run_configuration:199 - Package scikit-learn missing from dependencies file.
2021-01-22 16:38:09.300 - INFO - 9884 - azureml.train.automl._azureautomlclient.modify_run_configuration:205 - Using pinned version: scikit-learn==0.22.1
2021-01-22 16:38:09.300 - INFO - 9884 - azureml.train.automl._azureautomlclient.modify_run_configuration:199 - Package numpy missing from dependencies file.
2021-01-22 16:38:09.300 - INFO - 9884 - azureml.train.automl._azureautomlclient.modify_run_configuration:205 - Using pinned version: numpy~=1.18.0
2021-01-22 16:38:09.300 - INFO - 9884 - azureml.train.automl._azureautomlclient.modify_run_configuration:199 - Package py-xgboost missing from dependencies file.
2021-01-22 16:38:09.300 - INFO - 9884 - azureml.train.automl._azureautomlclient.modify_run_configuration:205 - Using pinned version: py-xgboost<=0.90
2021-01-22 16:38:09.300 - INFO - 9884 - azureml.train.automl._azureautomlclient.modify_run_configuration:199 - Package inference-schema missing from dependencies file.
2021-01-22 16:38:09.301 - INFO - 9884 - azureml.train.automl._azureautomlclient.modify_run_configuration:199 - Package fbprophet missing from dependencies file.
2021-01-22 16:38:09.301 - INFO - 9884 - azureml.train.automl._azureautomlclient.modify_run_configuration:205 - Using pinned version: fbprophet==0.5
2021-01-22 16:38:09.301 - INFO - 9884 - azureml.train.automl._azureautomlclient.modify_run_configuration:199 - Package setuptools-git missing from dependencies file.
2021-01-22 16:38:09.334 - INFO - 9884 - azureml.train.automl._azureautomlclient._validate_input:663 - Start data validation.
2021-01-22 16:38:29.930 - INFO - 9884 - azureml.train.automl._azureautomlclient._validate_input:676 - Validation service found the data has no errors.
2021-01-22 16:38:29.930 - INFO - 9884 - azureml.train.automl._azureautomlclient._create_parent_run_for_remote:541 - Start creating parent run.
2021-01-22 16:38:32.380 - INFO - 9884 - azureml.train.automl._azureautomlclient._create_parent_run_for_remote:560 - [ParentRunID:AutoML_cea47e29-610f-4b98-8ddb-e61e81c3057b] Remote run using input X and y.
2021-01-22 16:38:33.281 - INFO - 9884 - azureml.train.automl._azureautomlclient._create_parent_run_for_remote:574 - Parent Run ID: AutoML_cea47e29-610f-4b98-8ddb-e61e81c3057b
2021-01-22 16:38:33.281 - INFO - 9884 - azureml.train.automl._azureautomlclient._fit_remote_core:502 - Starting a snapshot run (snapshot_id : None)
2021-01-22 16:55:24.597 - INFO - 9884 - azureml.train.automl._azureautomlclient.modify_run_configuration:199 - Package azureml-train-automl missing from dependencies file.
2021-01-22 16:55:24.597 - INFO - 9884 - azureml.train.automl._azureautomlclient.modify_run_configuration:205 - Using pinned version: azureml-train-automl==1.19.0.*
2021-01-22 16:55:24.597 - INFO - 9884 - azureml.train.automl._azureautomlclient.modify_run_configuration:199 - Package pandas missing from dependencies file.
2021-01-22 16:55:24.597 - INFO - 9884 - azureml.train.automl._azureautomlclient.modify_run_configuration:205 - Using pinned version: pandas==0.25.1
2021-01-22 16:55:24.597 - INFO - 9884 - azureml.train.automl._azureautomlclient.modify_run_configuration:199 - Package psutil missing from dependencies file.
2021-01-22 16:55:24.597 - INFO - 9884 - azureml.train.automl._azureautomlclient.modify_run_configuration:205 - Using pinned version: psutil>5.0.0,<6.0.0
2021-01-22 16:55:24.598 - INFO - 9884 - azureml.train.automl._azureautomlclient.modify_run_configuration:199 - Package scikit-learn missing from dependencies file.
2021-01-22 16:55:24.598 - INFO - 9884 - azureml.train.automl._azureautomlclient.modify_run_configuration:205 - Using pinned version: scikit-learn==0.22.1
2021-01-22 16:55:24.598 - INFO - 9884 - azureml.train.automl._azureautomlclient.modify_run_configuration:199 - Package numpy missing from dependencies file.
2021-01-22 16:55:24.598 - INFO - 9884 - azureml.train.automl._azureautomlclient.modify_run_configuration:205 - Using pinned version: numpy~=1.18.0
2021-01-22 16:55:24.598 - INFO - 9884 - azureml.train.automl._azureautomlclient.modify_run_configuration:199 - Package py-xgboost missing from dependencies file.
2021-01-22 16:55:24.599 - INFO - 9884 - azureml.train.automl._azureautomlclient.modify_run_configuration:205 - Using pinned version: py-xgboost<=0.90
2021-01-22 16:55:24.599 - INFO - 9884 - azureml.train.automl._azureautomlclient.modify_run_configuration:199 - Package inference-schema missing from dependencies file.
2021-01-22 16:55:24.599 - INFO - 9884 - azureml.train.automl._azureautomlclient.modify_run_configuration:199 - Package fbprophet missing from dependencies file.
2021-01-22 16:55:24.599 - INFO - 9884 - azureml.train.automl._azureautomlclient.modify_run_configuration:205 - Using pinned version: fbprophet==0.5
2021-01-22 16:55:24.599 - INFO - 9884 - azureml.train.automl._azureautomlclient.modify_run_configuration:199 - Package setuptools-git missing from dependencies file.
2021-01-22 16:55:24.635 - INFO - 9884 - azureml.train.automl._azureautomlclient._validate_input:663 - Start data validation.
2021-01-22 16:55:44.526 - INFO - 9884 - azureml.train.automl._azureautomlclient._validate_input:676 - Validation service found the data has no errors.
2021-01-22 16:55:44.526 - INFO - 9884 - azureml.train.automl._azureautomlclient._create_parent_run_for_remote:541 - Start creating parent run.
2021-01-22 16:55:47.687 - INFO - 9884 - azureml.train.automl._azureautomlclient._create_parent_run_for_remote:560 - [ParentRunID:AutoML_05929722-afb4-4f00-ba86-05193341869f] Remote run using input X and y.
2021-01-22 16:55:48.689 - INFO - 9884 - azureml.train.automl._azureautomlclient._create_parent_run_for_remote:574 - Parent Run ID: AutoML_05929722-afb4-4f00-ba86-05193341869f
2021-01-22 16:55:48.689 - INFO - 9884 - azureml.train.automl._azureautomlclient._fit_remote_core:502 - Starting a snapshot run (snapshot_id : None)
